<?xml version="1.0" encoding="UTF-8"?>
<!-- Generated by org.testng.reporters.JUnitReportReporter -->
<testsuite hostname="DESKTOP-RD7693E" failures="0" tests="1" name="outlook_automation.OutlookActivation" time="0.001" errors="0" timestamp="2022-03-16T15:16:06 AMT" skipped="0">
  <testcase classname="outlook_automation.OutlookActivation" name="closeWindows" time="0.001"/>
  <system-out/>
</testsuite> <!-- outlook_automation.OutlookActivation -->
